<?xml version="1.0" encoding="UTF-8"?>
<!-- Generated by org.testng.reporters.JUnitXMLReporter -->
<testsuite ignored="0" hostname="Pratap_Kulkarni" failures="0" tests="5" name="Test" time="41.079" errors="0" timestamp="2024-10-09T13:18:45 IST">
  <testcase classname="testClass.SwaglabTestClass2" name="addingMultipleItemTc_04" time="5.321"/>
  <testcase classname="testClass.SwaglabTestClass2" name="removeCartTc_05" time="0.553"/>
  <testcase classname="testClass.SwaglabTestClass2" name="selectDropdownTC_03" time="5.837"/>
  <testcase classname="testClass.SwagLab_testclass" name="addToCart_TC_02" time="0.307"/>
  <testcase classname="testClass.SwagLab_testclass" name="loginTC_01" time="6.2"/>
</testsuite> <!-- Test -->
